2016-09-29 20:18:47,732 Circleci5.py started
2016-09-29 20:19:03,521 Circleci5.py started
2016-09-29 20:19:03,986 Starting new HTTPS connection (1): circleci.com
2016-09-29 20:19:04,870 "GET /api/v1.1/recent-builds?circle-token=dbdbe9b8e97157e37a162631baef5c63b14ee0bf&limit=16&offset=0 HTTP/1.1" 200 8555
2016-09-29 20:19:20,789 Starting new HTTPS connection (1): circleci.com
2016-09-29 20:19:21,598 "GET /api/v1.1/recent-builds?circle-token=dbdbe9b8e97157e37a162631baef5c63b14ee0bf&limit=16&offset=0 HTTP/1.1" 200 8555
2016-09-29 20:19:37,508 Starting new HTTPS connection (1): circleci.com
2016-09-29 20:19:38,293 "GET /api/v1.1/recent-builds?circle-token=dbdbe9b8e97157e37a162631baef5c63b14ee0bf&limit=16&offset=0 HTTP/1.1" 200 8555
2016-09-29 20:19:54,209 Starting new HTTPS connection (1): circleci.com
2016-09-29 20:19:55,264 "GET /api/v1.1/recent-builds?circle-token=dbdbe9b8e97157e37a162631baef5c63b14ee0bf&limit=16&offset=0 HTTP/1.1" 200 8555
2016-09-29 20:20:11,180 Starting new HTTPS connection (1): circleci.com
2016-09-29 20:20:11,983 "GET /api/v1.1/recent-builds?circle-token=dbdbe9b8e97157e37a162631baef5c63b14ee0bf&limit=16&offset=0 HTTP/1.1" 200 8555
2016-09-29 20:20:27,899 Starting new HTTPS connection (1): circleci.com
2016-09-29 20:20:28,722 "GET /api/v1.1/recent-builds?circle-token=dbdbe9b8e97157e37a162631baef5c63b14ee0bf&limit=16&offset=0 HTTP/1.1" 200 8555
2016-09-29 20:20:44,659 Starting new HTTPS connection (1): circleci.com
2016-09-29 20:20:45,743 "GET /api/v1.1/recent-builds?circle-token=dbdbe9b8e97157e37a162631baef5c63b14ee0bf&limit=16&offset=0 HTTP/1.1" 200 8555
2016-09-29 20:21:01,850 Starting new HTTPS connection (1): circleci.com
2016-09-29 20:21:02,682 "GET /api/v1.1/recent-builds?circle-token=dbdbe9b8e97157e37a162631baef5c63b14ee0bf&limit=16&offset=0 HTTP/1.1" 200 8555
2016-09-29 20:21:24,915 Circleci5.py started
2016-09-29 20:21:25,368 Starting new HTTPS connection (1): circleci.com
2016-09-29 20:21:26,168 "GET /api/v1.1/recent-builds?circle-token=dbdbe9b8e97157e37a162631baef5c63b14ee0bf&limit=16&offset=0 HTTP/1.1" 200 8555
2016-09-29 20:21:42,078 Starting new HTTPS connection (1): circleci.com
2016-09-29 20:21:42,913 "GET /api/v1.1/recent-builds?circle-token=dbdbe9b8e97157e37a162631baef5c63b14ee0bf&limit=16&offset=0 HTTP/1.1" 200 8555
2016-09-29 20:21:58,818 Starting new HTTPS connection (1): circleci.com
2016-09-29 20:21:59,638 "GET /api/v1.1/recent-builds?circle-token=dbdbe9b8e97157e37a162631baef5c63b14ee0bf&limit=16&offset=0 HTTP/1.1" 200 8555
2016-09-29 20:22:15,779 Starting new HTTPS connection (1): circleci.com
2016-09-29 20:22:16,632 "GET /api/v1.1/recent-builds?circle-token=dbdbe9b8e97157e37a162631baef5c63b14ee0bf&limit=16&offset=0 HTTP/1.1" 200 8555
2016-09-29 20:22:32,538 Starting new HTTPS connection (1): circleci.com
2016-09-29 20:34:05,354 Circleci5.py started
2016-09-29 20:34:05,808 Starting new HTTPS connection (1): circleci.com
2016-09-29 20:34:45,385 Circleci5.py started
2016-09-29 20:34:45,839 Starting new HTTPS connection (1): circleci.com
2016-09-29 20:34:46,939 <type 'exceptions.NameError'>
2016-09-29 20:34:46,983 Starting new HTTPS connection (1): circleci.com
2016-09-29 20:34:47,942 <type 'exceptions.NameError'>
2016-09-29 20:34:47,987 Starting new HTTPS connection (1): circleci.com
2016-09-29 20:34:48,950 <type 'exceptions.NameError'>
2016-09-29 20:34:48,994 Starting new HTTPS connection (1): circleci.com
2016-09-29 20:34:49,939 <type 'exceptions.NameError'>
2016-09-29 20:34:49,984 Starting new HTTPS connection (1): circleci.com
2016-09-29 20:34:50,960 <type 'exceptions.NameError'>
2016-09-29 20:34:51,005 Starting new HTTPS connection (1): circleci.com
2016-09-29 20:34:52,007 <type 'exceptions.NameError'>
2016-09-29 20:34:52,052 Starting new HTTPS connection (1): circleci.com
2016-09-29 20:34:53,260 <type 'exceptions.NameError'>
2016-09-29 20:34:53,309 Starting new HTTPS connection (1): circleci.com
2016-09-29 20:34:54,265 <type 'exceptions.NameError'>
2016-09-29 20:34:54,310 Starting new HTTPS connection (1): circleci.com
2016-09-29 20:34:55,265 <type 'exceptions.NameError'>
2016-09-29 20:34:55,310 Starting new HTTPS connection (1): circleci.com
2016-09-29 20:34:56,279 <type 'exceptions.NameError'>
2016-09-29 20:34:56,324 Starting new HTTPS connection (1): circleci.com
2016-09-29 20:34:57,413 <type 'exceptions.NameError'>
2016-09-29 20:34:57,460 Starting new HTTPS connection (1): circleci.com
2016-09-29 20:34:58,409 <type 'exceptions.NameError'>
2016-09-29 20:34:58,454 Starting new HTTPS connection (1): circleci.com
2016-09-29 20:34:59,472 <type 'exceptions.NameError'>
2016-09-29 20:34:59,517 Starting new HTTPS connection (1): circleci.com
2016-09-29 20:35:00,487 <type 'exceptions.NameError'>
2016-09-29 20:35:00,533 Starting new HTTPS connection (1): circleci.com
2016-09-29 20:35:01,512 <type 'exceptions.NameError'>
2016-09-29 20:35:01,557 Starting new HTTPS connection (1): circleci.com
2016-09-29 20:35:01,587 <type 'exceptions.KeyboardInterrupt'>
2016-09-29 20:35:01,626 Starting new HTTPS connection (1): circleci.com
2016-09-29 20:35:02,618 <type 'exceptions.NameError'>
2016-09-29 20:35:02,664 Starting new HTTPS connection (1): circleci.com
2016-09-29 20:35:02,979 <type 'exceptions.KeyboardInterrupt'>
2016-09-29 20:35:03,053 Starting new HTTPS connection (1): circleci.com
2016-09-29 20:35:04,082 <type 'exceptions.KeyboardInterrupt'>
2016-09-29 20:35:04,123 Starting new HTTPS connection (1): circleci.com
2016-09-29 20:35:05,121 <type 'exceptions.NameError'>
2016-09-29 20:35:05,168 Starting new HTTPS connection (1): circleci.com
2016-09-29 20:35:05,518 <type 'exceptions.KeyboardInterrupt'>
2016-09-29 20:35:05,595 Starting new HTTPS connection (1): circleci.com
2016-09-29 20:35:05,916 <type 'exceptions.KeyboardInterrupt'>
2016-09-29 20:35:05,991 Starting new HTTPS connection (1): circleci.com
2016-09-29 20:35:06,939 <type 'exceptions.NameError'>
2016-09-29 20:35:06,985 Starting new HTTPS connection (1): circleci.com
2016-09-29 20:35:08,027 <type 'exceptions.NameError'>
2016-09-29 20:35:08,071 Starting new HTTPS connection (1): circleci.com
2016-09-29 20:35:08,971 <type 'exceptions.NameError'>
2016-09-29 20:35:09,016 Starting new HTTPS connection (1): circleci.com
2016-09-29 20:36:07,103 Circleci5.py started
2016-09-29 20:36:07,560 Starting new HTTPS connection (1): circleci.com
2016-09-29 20:36:08,628 <type 'exceptions.NameError'>
2016-09-29 20:36:08,673 Starting new HTTPS connection (1): circleci.com
2016-09-29 20:36:09,622 <type 'exceptions.NameError'>
2016-09-29 20:36:09,666 Starting new HTTPS connection (1): circleci.com
2016-09-29 20:36:10,655 <type 'exceptions.NameError'>
2016-09-29 20:36:10,700 Starting new HTTPS connection (1): circleci.com
2016-09-29 20:36:11,644 <type 'exceptions.NameError'>
2016-09-29 20:36:11,690 Starting new HTTPS connection (1): circleci.com
2016-09-29 20:36:12,588 <type 'exceptions.NameError'>
2016-09-29 20:36:12,634 Starting new HTTPS connection (1): circleci.com
2016-09-29 20:36:13,611 <type 'exceptions.NameError'>
2016-09-29 20:36:13,657 Starting new HTTPS connection (1): circleci.com
2016-09-29 20:36:14,626 <type 'exceptions.NameError'>
2016-09-29 20:36:14,676 Starting new HTTPS connection (1): circleci.com
2016-09-29 20:36:15,580 <type 'exceptions.NameError'>
2016-09-29 20:36:15,627 Starting new HTTPS connection (1): circleci.com
2016-09-29 20:36:16,594 <type 'exceptions.NameError'>
2016-09-29 20:36:16,641 Starting new HTTPS connection (1): circleci.com
2016-09-29 20:36:17,590 <type 'exceptions.NameError'>
2016-09-29 20:36:17,635 Starting new HTTPS connection (1): circleci.com
2016-09-29 20:36:18,606 <type 'exceptions.NameError'>
2016-09-29 20:36:18,652 Starting new HTTPS connection (1): circleci.com
2016-09-29 20:36:19,617 <type 'exceptions.NameError'>
2016-09-29 20:36:19,662 Starting new HTTPS connection (1): circleci.com
2016-09-29 20:36:20,671 <type 'exceptions.NameError'>
2016-09-29 20:36:20,718 Starting new HTTPS connection (1): circleci.com
2016-09-29 20:36:21,720 <type 'exceptions.NameError'>
2016-09-29 20:36:21,765 Starting new HTTPS connection (1): circleci.com
2016-09-29 20:36:22,677 <type 'exceptions.NameError'>
2016-09-29 20:36:22,722 Starting new HTTPS connection (1): circleci.com
2016-09-29 20:36:23,715 <type 'exceptions.NameError'>
2016-09-29 20:36:23,761 Starting new HTTPS connection (1): circleci.com
2016-09-29 20:36:24,767 <type 'exceptions.NameError'>
2016-09-29 20:36:24,813 Starting new HTTPS connection (1): circleci.com
2016-09-29 20:36:25,802 <type 'exceptions.NameError'>
2016-09-29 20:36:25,848 Starting new HTTPS connection (1): circleci.com
2016-09-29 20:36:26,807 <type 'exceptions.NameError'>
2016-09-29 20:36:26,854 Starting new HTTPS connection (1): circleci.com
2016-09-29 20:36:27,865 <type 'exceptions.NameError'>
2016-09-29 20:36:27,910 Starting new HTTPS connection (1): circleci.com
2016-09-29 20:36:28,908 <type 'exceptions.NameError'>
2016-09-29 20:36:28,953 Starting new HTTPS connection (1): circleci.com
2016-09-29 20:36:29,918 <type 'exceptions.NameError'>
2016-09-29 20:36:29,963 Starting new HTTPS connection (1): circleci.com
2016-09-29 20:36:30,912 <type 'exceptions.NameError'>
2016-09-29 20:36:30,957 Starting new HTTPS connection (1): circleci.com
2016-09-29 20:36:31,943 <type 'exceptions.NameError'>
2016-09-29 20:36:31,988 Starting new HTTPS connection (1): circleci.com
2016-09-29 20:36:32,966 <type 'exceptions.NameError'>
2016-09-29 20:36:33,012 Starting new HTTPS connection (1): circleci.com
2016-09-29 20:36:33,991 <type 'exceptions.NameError'>
2016-09-29 20:36:34,037 Starting new HTTPS connection (1): circleci.com
2016-09-29 20:36:34,966 <type 'exceptions.NameError'>
2016-09-29 20:36:35,011 Starting new HTTPS connection (1): circleci.com
2016-09-29 20:36:35,962 <type 'exceptions.NameError'>
2016-09-29 20:36:36,008 Starting new HTTPS connection (1): circleci.com
2016-09-29 20:36:36,928 <type 'exceptions.NameError'>
2016-09-29 20:36:36,974 Starting new HTTPS connection (1): circleci.com
2016-09-29 20:36:38,182 <type 'exceptions.NameError'>
2016-09-29 20:36:38,228 Starting new HTTPS connection (1): circleci.com
2016-09-29 20:36:39,198 <type 'exceptions.NameError'>
2016-09-29 20:36:39,244 Starting new HTTPS connection (1): circleci.com
2016-09-29 20:36:40,214 <type 'exceptions.NameError'>
2016-09-29 20:36:40,260 Starting new HTTPS connection (1): circleci.com
2016-09-29 20:36:41,253 <type 'exceptions.NameError'>
2016-09-29 20:36:41,299 Starting new HTTPS connection (1): circleci.com
2016-09-29 20:36:42,399 <type 'exceptions.NameError'>
2016-09-29 20:36:42,479 Starting new HTTPS connection (1): circleci.com
2016-09-29 20:36:43,450 <type 'exceptions.NameError'>
2016-09-29 20:36:43,495 Starting new HTTPS connection (1): circleci.com
2016-09-29 20:36:44,491 <type 'exceptions.NameError'>
2016-09-29 20:36:44,536 Starting new HTTPS connection (1): circleci.com
2016-09-29 20:36:45,491 <type 'exceptions.NameError'>
2016-09-29 20:36:45,536 Starting new HTTPS connection (1): circleci.com
2016-09-29 20:36:46,533 <type 'exceptions.NameError'>
2016-09-29 20:36:46,578 Starting new HTTPS connection (1): circleci.com
2016-09-29 20:36:47,511 <type 'exceptions.NameError'>
2016-09-29 20:36:47,556 Starting new HTTPS connection (1): circleci.com
2016-09-29 20:36:48,551 <type 'exceptions.NameError'>
2016-09-29 20:36:48,597 Starting new HTTPS connection (1): circleci.com
2016-09-29 20:39:31,573 Circleci5.py started
2016-09-29 20:39:32,023 Starting new HTTPS connection (1): circleci.com
2016-09-29 20:39:33,759 <type 'exceptions.NameError'>
2016-09-29 20:40:09,229 Circleci5.py started
2016-09-29 20:40:09,683 Starting new HTTPS connection (1): circleci.com
2016-09-29 20:40:10,764 st:fixed lc:finished oc:success br:set-git-sha-env rp:orders
2016-09-29 20:40:10,809 st:failed lc:finished oc:failed br:set-git-sha-env rp:orders
2016-09-29 20:40:10,853 st:success lc:finished oc:success br:port-acm-cert-changes rp:orders
2016-09-29 20:40:10,897 st:running lc:running oc:missing br:master rp:orders
2016-09-29 20:40:10,941 st:success lc:finished oc:success br:port-acm-cert-changes rp:orders
2016-09-29 20:40:10,986 st:retried lc:finished oc:infrastructure_fail br:port-acm-cert-changes rp:orders
2016-09-29 20:40:11,030 st:success lc:finished oc:success br:set-git-sha-env rp:orders
2016-09-29 20:40:11,074 st:success lc:finished oc:success br:faster_distribution rp:orders
2016-09-29 20:40:11,119 st:fixed lc:finished oc:success br:port-acm-cert-changes rp:orders
2016-09-29 20:40:11,163 st:failed lc:finished oc:failed br:port-acm-cert-changes rp:orders
2016-09-29 20:40:11,207 st:success lc:finished oc:success br:faster_distribution rp:orders
2016-09-29 20:40:11,251 st:fixed lc:finished oc:success br:set-git-sha-env rp:orders
2016-09-29 20:40:11,295 st:no_tests lc:finished oc:no_tests br:set-git-sha-env rp:orders
2016-09-29 20:40:11,340 st:fixed lc:finished oc:success br:qa-recorders rp:uploader
2016-09-29 20:40:11,384 st:timedout lc:finished oc:timedout br:master rp:orders
2016-09-29 20:40:11,428 st:success lc:finished oc:success br:staging-qa7 rp:orders
2016-09-29 20:40:26,538 Starting new HTTPS connection (1): circleci.com
2016-09-29 20:40:27,477 st:fixed lc:finished oc:success br:set-git-sha-env rp:orders
2016-09-29 20:40:27,521 st:failed lc:finished oc:failed br:set-git-sha-env rp:orders
2016-09-29 20:40:27,565 st:success lc:finished oc:success br:port-acm-cert-changes rp:orders
2016-09-29 20:40:27,609 st:running lc:running oc:missing br:master rp:orders
2016-09-29 20:40:27,653 st:success lc:finished oc:success br:port-acm-cert-changes rp:orders
2016-09-29 20:40:27,698 st:retried lc:finished oc:infrastructure_fail br:port-acm-cert-changes rp:orders
2016-09-29 20:40:27,742 st:success lc:finished oc:success br:set-git-sha-env rp:orders
2016-09-29 20:40:27,786 st:success lc:finished oc:success br:faster_distribution rp:orders
2016-09-29 20:40:27,831 st:fixed lc:finished oc:success br:port-acm-cert-changes rp:orders
2016-09-29 20:40:27,875 st:failed lc:finished oc:failed br:port-acm-cert-changes rp:orders
2016-09-29 20:40:27,919 st:success lc:finished oc:success br:faster_distribution rp:orders
2016-09-29 20:40:27,964 st:fixed lc:finished oc:success br:set-git-sha-env rp:orders
2016-09-29 20:40:28,008 st:no_tests lc:finished oc:no_tests br:set-git-sha-env rp:orders
2016-09-29 20:40:28,052 st:fixed lc:finished oc:success br:qa-recorders rp:uploader
2016-09-29 20:40:28,096 st:timedout lc:finished oc:timedout br:master rp:orders
2016-09-29 20:40:28,141 st:success lc:finished oc:success br:staging-qa7 rp:orders
2016-09-29 20:40:43,248 Starting new HTTPS connection (1): circleci.com
2016-09-29 20:40:44,351 st:fixed lc:finished oc:success br:set-git-sha-env rp:orders
2016-09-29 20:40:44,395 st:failed lc:finished oc:failed br:set-git-sha-env rp:orders
2016-09-29 20:40:44,440 st:success lc:finished oc:success br:port-acm-cert-changes rp:orders
2016-09-29 20:40:44,484 st:running lc:running oc:missing br:master rp:orders
2016-09-29 20:40:44,528 st:success lc:finished oc:success br:port-acm-cert-changes rp:orders
2016-09-29 20:40:44,572 st:retried lc:finished oc:infrastructure_fail br:port-acm-cert-changes rp:orders
2016-09-29 20:40:44,617 st:success lc:finished oc:success br:set-git-sha-env rp:orders
2016-09-29 20:40:44,661 st:success lc:finished oc:success br:faster_distribution rp:orders
2016-09-29 20:40:44,705 st:fixed lc:finished oc:success br:port-acm-cert-changes rp:orders
2016-09-29 20:40:44,750 st:failed lc:finished oc:failed br:port-acm-cert-changes rp:orders
2016-09-29 20:40:44,794 st:success lc:finished oc:success br:faster_distribution rp:orders
2016-09-29 20:40:44,838 st:fixed lc:finished oc:success br:set-git-sha-env rp:orders
2016-09-29 20:40:44,883 st:no_tests lc:finished oc:no_tests br:set-git-sha-env rp:orders
2016-09-29 20:40:44,927 st:fixed lc:finished oc:success br:qa-recorders rp:uploader
2016-09-29 20:40:44,971 st:timedout lc:finished oc:timedout br:master rp:orders
2016-09-29 20:40:45,016 st:success lc:finished oc:success br:staging-qa7 rp:orders
2016-09-29 20:41:00,118 Starting new HTTPS connection (1): circleci.com
2016-09-29 20:41:01,106 st:fixed lc:finished oc:success br:set-git-sha-env rp:orders
2016-09-29 20:41:01,150 st:failed lc:finished oc:failed br:set-git-sha-env rp:orders
2016-09-29 20:41:01,195 st:success lc:finished oc:success br:port-acm-cert-changes rp:orders
2016-09-29 20:41:01,239 st:running lc:running oc:missing br:master rp:orders
2016-09-29 20:41:01,283 st:success lc:finished oc:success br:port-acm-cert-changes rp:orders
2016-09-29 20:41:01,328 st:retried lc:finished oc:infrastructure_fail br:port-acm-cert-changes rp:orders
2016-09-29 20:41:01,372 st:success lc:finished oc:success br:set-git-sha-env rp:orders
2016-09-29 20:41:01,416 st:success lc:finished oc:success br:faster_distribution rp:orders
2016-09-29 20:41:01,460 st:fixed lc:finished oc:success br:port-acm-cert-changes rp:orders
2016-09-29 20:41:01,505 st:failed lc:finished oc:failed br:port-acm-cert-changes rp:orders
2016-09-29 20:41:01,549 st:success lc:finished oc:success br:faster_distribution rp:orders
2016-09-29 20:41:01,593 st:fixed lc:finished oc:success br:set-git-sha-env rp:orders
2016-09-29 20:41:01,637 st:no_tests lc:finished oc:no_tests br:set-git-sha-env rp:orders
2016-09-29 20:41:01,682 st:fixed lc:finished oc:success br:qa-recorders rp:uploader
2016-09-29 20:41:01,726 st:timedout lc:finished oc:timedout br:master rp:orders
2016-09-29 20:41:01,771 st:success lc:finished oc:success br:staging-qa7 rp:orders
2016-09-29 20:41:16,879 Starting new HTTPS connection (1): circleci.com
2016-09-29 20:41:18,649 st:fixed lc:finished oc:success br:set-git-sha-env rp:orders
2016-09-29 20:41:18,693 st:failed lc:finished oc:failed br:set-git-sha-env rp:orders
2016-09-29 20:41:18,738 st:success lc:finished oc:success br:port-acm-cert-changes rp:orders
2016-09-29 20:41:18,782 st:running lc:running oc:missing br:master rp:orders
2016-09-29 20:41:18,827 st:success lc:finished oc:success br:port-acm-cert-changes rp:orders
2016-09-29 20:41:18,871 st:retried lc:finished oc:infrastructure_fail br:port-acm-cert-changes rp:orders
2016-09-29 20:41:18,916 st:success lc:finished oc:success br:set-git-sha-env rp:orders
2016-09-29 20:41:18,960 st:success lc:finished oc:success br:faster_distribution rp:orders
2016-09-29 20:41:19,005 st:fixed lc:finished oc:success br:port-acm-cert-changes rp:orders
2016-09-29 20:41:19,049 st:failed lc:finished oc:failed br:port-acm-cert-changes rp:orders
2016-09-29 20:41:19,093 st:success lc:finished oc:success br:faster_distribution rp:orders
2016-09-29 20:41:19,137 st:fixed lc:finished oc:success br:set-git-sha-env rp:orders
2016-09-29 20:41:19,182 st:no_tests lc:finished oc:no_tests br:set-git-sha-env rp:orders
2016-09-29 20:41:19,226 st:fixed lc:finished oc:success br:qa-recorders rp:uploader
2016-09-29 20:41:19,271 st:timedout lc:finished oc:timedout br:master rp:orders
2016-09-29 20:41:19,315 st:success lc:finished oc:success br:staging-qa7 rp:orders
2016-09-29 20:41:34,418 Starting new HTTPS connection (1): circleci.com
2016-09-29 20:41:35,386 st:fixed lc:finished oc:success br:set-git-sha-env rp:orders
2016-09-29 20:41:35,431 st:failed lc:finished oc:failed br:set-git-sha-env rp:orders
2016-09-29 20:41:35,475 st:success lc:finished oc:success br:port-acm-cert-changes rp:orders
2016-09-29 20:41:35,519 st:running lc:running oc:missing br:master rp:orders
2016-09-29 20:41:35,563 st:success lc:finished oc:success br:port-acm-cert-changes rp:orders
2016-09-29 20:41:35,608 st:retried lc:finished oc:infrastructure_fail br:port-acm-cert-changes rp:orders
2016-09-29 20:41:35,652 st:success lc:finished oc:success br:set-git-sha-env rp:orders
2016-09-29 20:41:35,697 st:success lc:finished oc:success br:faster_distribution rp:orders
2016-09-29 20:41:35,741 st:fixed lc:finished oc:success br:port-acm-cert-changes rp:orders
2016-09-29 20:41:35,785 st:failed lc:finished oc:failed br:port-acm-cert-changes rp:orders
2016-09-29 20:41:35,829 st:success lc:finished oc:success br:faster_distribution rp:orders
2016-09-29 20:41:35,874 st:fixed lc:finished oc:success br:set-git-sha-env rp:orders
2016-09-29 20:41:35,919 st:no_tests lc:finished oc:no_tests br:set-git-sha-env rp:orders
2016-09-29 20:41:35,964 st:fixed lc:finished oc:success br:qa-recorders rp:uploader
2016-09-29 20:41:36,008 st:timedout lc:finished oc:timedout br:master rp:orders
2016-09-29 20:41:36,052 st:success lc:finished oc:success br:staging-qa7 rp:orders
2016-09-29 20:41:51,159 Starting new HTTPS connection (1): circleci.com
2016-09-29 20:41:52,151 st:fixed lc:finished oc:success br:set-git-sha-env rp:orders
2016-09-29 20:41:52,200 st:failed lc:finished oc:failed br:set-git-sha-env rp:orders
2016-09-29 20:41:52,244 st:success lc:finished oc:success br:port-acm-cert-changes rp:orders
2016-09-29 20:41:52,522 st:running lc:running oc:missing br:master rp:orders
2016-09-29 20:41:52,566 st:success lc:finished oc:success br:port-acm-cert-changes rp:orders
2016-09-29 20:41:52,611 st:retried lc:finished oc:infrastructure_fail br:port-acm-cert-changes rp:orders
2016-09-29 20:41:52,655 st:success lc:finished oc:success br:set-git-sha-env rp:orders
2016-09-29 20:41:52,700 st:success lc:finished oc:success br:faster_distribution rp:orders
2016-09-29 20:41:52,744 st:fixed lc:finished oc:success br:port-acm-cert-changes rp:orders
2016-09-29 20:41:52,788 st:failed lc:finished oc:failed br:port-acm-cert-changes rp:orders
2016-09-29 20:41:52,833 st:success lc:finished oc:success br:faster_distribution rp:orders
2016-09-29 20:41:52,877 st:fixed lc:finished oc:success br:set-git-sha-env rp:orders
2016-09-29 20:41:52,922 st:no_tests lc:finished oc:no_tests br:set-git-sha-env rp:orders
2016-09-29 20:41:52,966 st:fixed lc:finished oc:success br:qa-recorders rp:uploader
2016-09-29 20:41:53,010 st:timedout lc:finished oc:timedout br:master rp:orders
2016-09-29 20:41:53,055 st:success lc:finished oc:success br:staging-qa7 rp:orders
